<?xml version="1.0" encoding="UTF-8"?>
<testsuite name="test.CalculatorTest" tests="1" skipped="0" failures="0" errors="0" timestamp="2020-09-19T16:27:22" hostname="debian" time="25.537">
  <properties/>
  <testcase name="verifyAddNumbers" classname="test.CalculatorTest" time="25.537"/>
  <system-out><![CDATA[]]></system-out>
  <system-err><![CDATA[Sep 19, 2020 12:27:42 PM io.appium.java_client.remote.AppiumCommandExecutor$1 lambda$0
INFO: Detected dialect: W3C
]]></system-err>
</testsuite>
