<?xml version="1.0" encoding="UTF-8"?>
<testsuite name="test.AddAlarmTest" tests="1" skipped="0" failures="0" errors="0" timestamp="2020-10-05T22:20:25" hostname="debian" time="40.296">
  <properties/>
  <testcase name="verifyAddNewAlarm" classname="test.AddAlarmTest" time="40.296"/>
  <system-out><![CDATA[]]></system-out>
  <system-err><![CDATA[Oct 05, 2020 6:20:41 PM io.appium.java_client.remote.AppiumCommandExecutor$1 lambda$0
INFO: Detected dialect: W3C
]]></system-err>
</testsuite>
